2026-06-16 22:08:59,922:ERROR:search-app:Error occured: list.index(x): x not in list.
200 not in the list.
Traceback (most recent call last):
  File "C:\Users\User\Documents\Conding Factory 9\python-cf9-2\chapter05\18_logging_app.py", line 19, in main
    index  = nums.index(num_to_find)
ValueError: list.index(x): x not in list
2026-06-16 22:09:10,854:ERROR:search-app:Error occured: list.index(x): x not in list.
200 not in the list.
Traceback (most recent call last):
  File "C:\Users\User\Documents\Conding Factory 9\python-cf9-2\chapter05\18_logging_app.py", line 19, in main
    index  = nums.index(num_to_find)
ValueError: list.index(x): x not in list
2026-06-16 22:09:36,727:ERROR:search-app:Error occured: list.index(x): x not in list.
200 not in the list.
Traceback (most recent call last):
  File "C:\Users\User\Documents\Conding Factory 9\python-cf9-2\chapter05\18_logging_app.py", line 19, in main
    index  = nums.index(num_to_find)
ValueError: list.index(x): x not in list
2026-06-16 22:12:05,977:ERROR:search-app:Error occured: list.index(x): x not in list.
1200 not in the list.
Traceback (most recent call last):
  File "C:\Users\User\Documents\Conding Factory 9\python-cf9-2\chapter05\18_logging_app.py", line 19, in main
    index  = nums.index(num_to_find)
ValueError: list.index(x): x not in list
